<?xml version="1.0" encoding="UTF-8"?>
<!-- Generated by org.testng.reporters.JUnitXMLReporter -->
<testsuite hostname="vishal-pc" ignored="2" name="Test1" tests="1" failures="1" timestamp="09 Jun 2018 07:37:03 GMT" time="58.502" errors="0">
  <testcase name="testRun" time="45.285" classname="testNgDemo.TestScript4">
    <failure type="org.openqa.selenium.TimeoutException" message="Expected condition failed: waiting for visibility of element located by By.linkText: Cricket (tried for 10 second(s) with 500 MILLISECONDS interval)">
      <![CDATA[org.openqa.selenium.TimeoutException: Expected condition failed: waiting for visibility of element located by By.linkText: Cricket (tried for 10 second(s) with 500 MILLISECONDS interval)
at org.openqa.selenium.support.ui.WebDriverWait.timeoutException(WebDriverWait.java:80)
at org.openqa.selenium.support.ui.FluentWait.until(FluentWait.java:232)
at testNgDemo.TestScript4.testRun(TestScript4.java:57)
Caused by: org.openqa.selenium.NoSuchElementException: Cannot locate an element using By.linkText: Cricket
For documentation on this error, please visit: http://seleniumhq.org/exceptions/no_such_element.html
Build info: version: 'unknown', revision: 'unknown', time: 'unknown'
System info: host: 'VISHAL-PC', ip: '192.168.0.3', os.name: 'Windows 8.1', os.arch: 'amd64', os.version: '6.3', java.version: '1.8.0_77'
Driver info: driver.version: unknown
at org.openqa.selenium.support.ui.ExpectedConditions.lambda$findElement$0(ExpectedConditions.java:883)
at java.util.Optional.orElseThrow(Optional.java:290)
at org.openqa.selenium.support.ui.ExpectedConditions.findElement(ExpectedConditions.java:882)
at org.openqa.selenium.support.ui.ExpectedConditions.access$000(ExpectedConditions.java:44)
at org.openqa.selenium.support.ui.ExpectedConditions$7.apply(ExpectedConditions.java:206)
at org.openqa.selenium.support.ui.ExpectedConditions$7.apply(ExpectedConditions.java:202)
at org.openqa.selenium.support.ui.FluentWait.until(FluentWait.java:209)
... 25 more
... Removed 24 stack frames]]>
    </failure>
  </testcase> <!-- testRun -->
  <testcase name="testPratice" time="0.0" classname="testNgDemo.TestScript4">
    <ignored/>
  </testcase> <!-- testPratice -->
  <testcase name="runtest" time="0.0" classname="testNgDemo.TestScript4">
    <ignored/>
  </testcase> <!-- runtest -->
</testsuite> <!-- Test1 -->
